{"/home/rodrigo/Área de Trabalho/FACULDADE/WA/webAcademyT3-TesteTP1/myapp_test/src/utils/validations.js": {"path":"/home/rodrigo/Área de Trabalho/FACULDADE/WA/webAcademyT3-TesteTP1/myapp_test/src/utils/validations.js","statementMap":{"0":{"start":{"line":8,"column":2},"end":{"line":10,"column":3}},"1":{"start":{"line":9,"column":4},"end":{"line":9,"column":14}},"2":{"start":{"line":12,"column":2},"end":{"line":12,"column":29}},"3":{"start":{"line":14,"column":21},"end":{"line":14,"column":42}},"4":{"start":{"line":16,"column":2},"end":{"line":20,"column":3}},"5":{"start":{"line":17,"column":4},"end":{"line":17,"column":20}},"6":{"start":{"line":19,"column":4},"end":{"line":19,"column":41}},"7":{"start":{"line":32,"column":16},"end":{"line":38,"column":3}},"8":{"start":{"line":40,"column":23},"end":{"line":40,"column":41}},"9":{"start":{"line":41,"column":20},"end":{"line":41,"column":53}},"10":{"start":{"line":42,"column":2},"end":{"line":42,"column":36}},"11":{"start":{"line":42,"column":23},"end":{"line":42,"column":36}},"12":{"start":{"line":43,"column":2},"end":{"line":43,"column":28}},"13":{"start":{"line":43,"column":15},"end":{"line":43,"column":28}},"14":{"start":{"line":46,"column":25},"end":{"line":46,"column":43}},"15":{"start":{"line":47,"column":2},"end":{"line":48,"column":19}},"16":{"start":{"line":47,"column":28},"end":{"line":47,"column":41}},"17":{"start":{"line":48,"column":7},"end":{"line":48,"column":19}},"18":{"start":{"line":66,"column":14},"end":{"line":66,"column":15}},"19":{"start":{"line":67,"column":2},"end":{"line":73,"column":3}},"20":{"start":{"line":67,"column":15},"end":{"line":67,"column":16}},"21":{"start":{"line":68,"column":4},"end":{"line":68,"column":107}},"22":{"start":{"line":68,"column":45},"end":{"line":68,"column":107}},"23":{"start":{"line":69,"column":4},"end":{"line":69,"column":77}},"24":{"start":{"line":69,"column":30},"end":{"line":69,"column":77}},"25":{"start":{"line":70,"column":4},"end":{"line":70,"column":85}},"26":{"start":{"line":70,"column":33},"end":{"line":70,"column":85}},"27":{"start":{"line":72,"column":4},"end":{"line":72,"column":56}},"28":{"start":{"line":74,"column":2},"end":{"line":74,"column":15}},"29":{"start":{"line":77,"column":0},"end":{"line":77,"column":77}}},"fnMap":{"0":{"name":"firstName","decl":{"start":{"line":7,"column":9},"end":{"line":7,"column":18}},"loc":{"start":{"line":7,"column":29},"end":{"line":21,"column":1}},"line":7},"1":{"name":"verifyStockAvailability","decl":{"start":{"line":31,"column":9},"end":{"line":31,"column":32}},"loc":{"start":{"line":31,"column":51},"end":{"line":49,"column":1}},"line":31},"2":{"name":"calculateTotalPrice","decl":{"start":{"line":65,"column":9},"end":{"line":65,"column":28}},"loc":{"start":{"line":65,"column":39},"end":{"line":75,"column":1}},"line":65}},"branchMap":{"0":{"loc":{"start":{"line":8,"column":2},"end":{"line":10,"column":3}},"type":"if","locations":[{"start":{"line":8,"column":2},"end":{"line":10,"column":3}},{"start":{},"end":{}}],"line":8},"1":{"loc":{"start":{"line":8,"column":6},"end":{"line":8,"column":41}},"type":"binary-expr","locations":[{"start":{"line":8,"column":6},"end":{"line":8,"column":15}},{"start":{"line":8,"column":19},"end":{"line":8,"column":41}}],"line":8},"2":{"loc":{"start":{"line":16,"column":2},"end":{"line":20,"column":3}},"type":"if","locations":[{"start":{"line":16,"column":2},"end":{"line":20,"column":3}},{"start":{"line":18,"column":9},"end":{"line":20,"column":3}}],"line":16},"3":{"loc":{"start":{"line":42,"column":2},"end":{"line":42,"column":36}},"type":"if","locations":[{"start":{"line":42,"column":2},"end":{"line":42,"column":36}},{"start":{},"end":{}}],"line":42},"4":{"loc":{"start":{"line":43,"column":2},"end":{"line":43,"column":28}},"type":"if","locations":[{"start":{"line":43,"column":2},"end":{"line":43,"column":28}},{"start":{},"end":{}}],"line":43},"5":{"loc":{"start":{"line":47,"column":2},"end":{"line":48,"column":19}},"type":"if","locations":[{"start":{"line":47,"column":2},"end":{"line":48,"column":19}},{"start":{"line":48,"column":7},"end":{"line":48,"column":19}}],"line":47},"6":{"loc":{"start":{"line":68,"column":4},"end":{"line":68,"column":107}},"type":"if","locations":[{"start":{"line":68,"column":4},"end":{"line":68,"column":107}},{"start":{},"end":{}}],"line":68},"7":{"loc":{"start":{"line":69,"column":4},"end":{"line":69,"column":77}},"type":"if","locations":[{"start":{"line":69,"column":4},"end":{"line":69,"column":77}},{"start":{},"end":{}}],"line":69},"8":{"loc":{"start":{"line":70,"column":4},"end":{"line":70,"column":85}},"type":"if","locations":[{"start":{"line":70,"column":4},"end":{"line":70,"column":85}},{"start":{},"end":{}}],"line":70}},"s":{"0":4,"1":0,"2":4,"3":4,"4":4,"5":3,"6":1,"7":6,"8":6,"9":6,"10":6,"11":2,"12":4,"13":1,"14":3,"15":3,"16":2,"17":1,"18":4,"19":4,"20":4,"21":8,"22":1,"23":7,"24":1,"25":6,"26":1,"27":5,"28":1,"29":1},"f":{"0":4,"1":6,"2":4},"b":{"0":[0,4],"1":[4,4],"2":[3,1],"3":[2,4],"4":[1,3],"5":[2,1],"6":[1,7],"7":[1,6],"8":[1,5]},"_coverageSchema":"1a1c01bbd47fc00a2c39e90264f33305004495a9","hash":"fe604e0f1b94491f61ffc8a16f31155e459b4e3b"}
}
