TN:
SF:src/utils/validations.js
FN:7,firstName
FN:31,verifyStockAvailability
FN:65,calculateTotalPrice
FNF:3
FNH:3
FNDA:4,firstName
FNDA:6,verifyStockAvailability
FNDA:4,calculateTotalPrice
DA:8,4
DA:9,0
DA:12,4
DA:14,4
DA:16,4
DA:17,3
DA:19,1
DA:32,6
DA:40,6
DA:41,6
DA:42,6
DA:43,4
DA:46,3
DA:47,3
DA:48,1
DA:66,4
DA:67,4
DA:68,8
DA:69,7
DA:70,6
DA:72,5
DA:74,1
DA:77,1
LF:23
LH:22
BRDA:8,0,0,0
BRDA:8,0,1,4
BRDA:8,1,0,4
BRDA:8,1,1,4
BRDA:16,2,0,3
BRDA:16,2,1,1
BRDA:42,3,0,2
BRDA:42,3,1,4
BRDA:43,4,0,1
BRDA:43,4,1,3
BRDA:47,5,0,2
BRDA:47,5,1,1
BRDA:68,6,0,1
BRDA:68,6,1,7
BRDA:69,7,0,1
BRDA:69,7,1,6
BRDA:70,8,0,1
BRDA:70,8,1,5
BRF:18
BRH:17
end_of_record
